/usr/bin/make all --print-data-base --no-builtin-variables --no-builtin-rules --question
# GNU Make 3.81
# Copyright (C) 2006  Free Software Foundation, Inc.
# This is free software; see the source for copying conditions.
# There is NO warranty; not even for MERCHANTABILITY or FITNESS FOR A
# PARTICULAR PURPOSE.

# This program built for i386-apple-darwin11.3.0

# Make data base, printed on Sat Jan 14 18:03:13 2023

# Variables

# automatic
<D = $(patsubst %/,%,$(dir $<))
# automatic
?F = $(notdir $?)
# automatic
?D = $(patsubst %/,%,$(dir $?))
# automatic
@D = $(patsubst %/,%,$(dir $@))
# automatic
@F = $(notdir $@)
# makefile
CURDIR := /Users/yinfu/workspace/noiseflow
# makefile
SHELL = /bin/sh
# environment
VSCODE_NLS_CONFIG = {"locale":"en-us","availableLanguages":{},"_languagePackSupport":true}
# environment
_ = /usr/bin/make
# environment
GDAL_DATA = /Users/yinfu/miniconda3/share/gdal
# makefile
MAKEFILE_LIST := 
# environment
SACAUX = /usr/local/sac/aux
# environment
AUTOJUMP_SOURCED = 1
# environment
PROJ_DATA = /Users/yinfu/miniconda3/share/proj
# environment
__CFBundleIdentifier = com.microsoft.VSCode
# environment
P9K_SSH = 0
# environment
VSCODE_CWD = /
# environment
GSETTINGS_SCHEMA_DIR = /Users/yinfu/miniconda3/share/glib-2.0/schemas
# environment
PATH = /Applications/MATLAB_R2022b.app/bin/maca64:/Applications/MATLAB_R2022b.app/bin:/Users/yinfu/package/specfem2d/bin:/Users/yinfu/.local/bin:/Users/yinfu/gems/bin:/Users/yinfu/.local/bin:/usr/local/sac/bin:/Users/yinfu/miniconda3/bin:/Users/yinfu/miniconda3/condabin:/opt/homebrew/Cellar/git/2.38.1/bin:/Users/yinfu/bin:/opt/homebrew/bin:/usr/local/bin:/System/Cryptexes/App/usr/bin:/usr/bin:/bin:/usr/sbin:/sbin:/Library/TeX/texbin:/opt/X11/bin
# environment
SAC_USE_DATABASE = 0
# environment
LSCOLORS = Gxfxcxdxbxegedabagacad
# environment
ELECTRON_RUN_AS_NODE = 1
# default
.FEATURES := target-specific order-only second-expansion else-if archives jobserver check-symlink
# environment
SSH_AUTH_SOCK = /private/tmp/com.apple.launchd.KFQEcYeulF/Listeners
# environment
SAC_PPK_LARGE_CROSSHAIRS = 1
# environment
GMT_DATADIR = /Users/yinfu/data/GMTDB/
# environment
DISPLAY = /private/tmp/com.apple.launchd.4349LHJcCi/org.xquartz:0
# environment
CONDA_EXE = /Users/yinfu/miniconda3/bin/conda
# environment
PWD = /Users/yinfu/workspace/noiseflow
# environment
GEM_HOME = /Users/yinfu/gems
# automatic
*D = $(patsubst %/,%,$(dir $*))
# environment
ORIGINAL_XDG_CURRENT_DESKTOP = undefined
# environment
VSCODE_AMD_ENTRYPOINT = vs/workbench/api/node/extensionHostProcess
# environment
HOME = /Users/yinfu
# default
MAKEFILEPATH = $(shell /usr/bin/xcode-select -print-path 2>/dev/null || echo /Developer)/Makefiles
# environment
VSCODE_CODE_CACHE_PATH = /Users/yinfu/Library/Application Support/Code/CachedData/e8a3071ea4344d9d48ef8a4df2c097372b0c5161
# environment
LOGNAME = yinfu
# environment
APPLICATION_INSIGHTS_NO_DIAGNOSTIC_CHANNEL = 1
# environment
CONDA_PROMPT_MODIFIER = (base) 
# environment
ZSH = /Users/yinfu/.oh-my-zsh
# environment
VSCODE_HANDLES_UNCAUGHT_ERRORS = true
# automatic
^D = $(patsubst %/,%,$(dir $^))
# environment
CONDA_DEFAULT_ENV = base
# environment
XPC_FLAGS = 0x0
# default
MAKE = $(MAKE_COMMAND)
# default
MAKECMDGOALS := all
# environment
SHLVL = 1
# default
MAKE_VERSION := 3.81
# environment
USER = yinfu
# makefile
.DEFAULT_GOAL := 
# environment
LESS = -R
# automatic
%D = $(patsubst %/,%,$(dir $%))
# environment
CONDA_SHLVL = 1
# default
MAKE_COMMAND := /Library/Developer/CommandLineTools/usr/bin/make
# default
.VARIABLES := 
# environment
TMPDIR = /var/folders/4j/9hmvhc414t7c6yc90bpwg_mc0000gn/T/
# automatic
*F = $(notdir $*)
# environment
VSCODE_IPC_HOOK = /Users/yinfu/Library/Application Support/Code/1.74.2-main.sock
# environment
SAC_DISPLAY_COPYRIGHT = 1
# environment
MallocNanoZone = 0
# environment
PROJ_NETWORK = ON
# makefile
MAKEFLAGS = Rrqp
# environment
MFLAGS = -Rrqp
# environment
GIT = /opt/homebrew/Cellar/git/2.38.1
# environment
XPC_SERVICE_NAME = application.com.microsoft.VSCode.7089761.7089767
# automatic
+D = $(patsubst %/,%,$(dir $+))
# automatic
+F = $(notdir $+)
# environment
GSETTINGS_SCHEMA_DIR_CONDA_BACKUP = 
# automatic
%F = $(notdir $%)
# environment
CPL_ZIP_ENCODING = UTF-8
# environment
__CF_USER_TEXT_ENCODING = 0x1F5:0x0:0x0
# environment
COMMAND_MODE = unix2003
# default
MAKEFILES := 
# automatic
<F = $(notdir $<)
# environment
GDAL_DRIVER_PATH = /Users/yinfu/miniconda3/lib/gdalplugins
# environment
PAGER = less
# environment
LC_ALL = C
# environment
CONDA_PYTHON_EXE = /Users/yinfu/miniconda3/bin/python
# automatic
^F = $(notdir $^)
# environment
SACHOME = /usr/local/sac
# default
SUFFIXES := 
# environment
_CE_M = 
# default
.INCLUDE_DIRS = /usr/local/include
# environment
MAKELEVEL := 0
# environment
AUTOJUMP_ERROR_PATH = /Users/yinfu/Library/autojump/errors.log
# environment
CONDA_PREFIX = /Users/yinfu/miniconda3
# environment
VSCODE_PID = 95502
# environment
_CE_CONDA = 
# environment
LANG = C
# variable set hash-table stats:
# Load=89/1024=9%, Rehash=0, Collisions=4/110=4%

# Pattern-specific Variable Values

# No pattern-specific variable values.

# Directories

# . (device 16777234, inode 12877627): 15 files, no impossibilities.

# 15 files, no impossibilities in 1 directories.

# Implicit Rules

# No implicit rules.

# Files

# Not a target:
all:
#  Command-line target.
#  Implicit rule search has been done.
#  File does not exist.
#  File has not been updated.
# variable set hash-table stats:
# Load=0/32=0%, Rehash=0, Collisions=0/0=0%

# Not a target:
.SUFFIXES:
#  Implicit rule search has not been done.
#  Modification time never checked.
#  File has not been updated.

# Not a target:
Makefile:
#  A default, MAKEFILES, or -include/sinclude makefile.
#  Implicit rule search has been done.
#  File does not exist.
#  File has been updated.
#  Failed to be updated.
# variable set hash-table stats:
# Load=0/32=0%, Rehash=0, Collisions=0/0=0%

# Not a target:
makefile:
#  A default, MAKEFILES, or -include/sinclude makefile.
#  Implicit rule search has been done.
#  File does not exist.
#  File has been updated.
#  Failed to be updated.
# variable set hash-table stats:
# Load=0/32=0%, Rehash=0, Collisions=0/0=0%

# Not a target:
.DEFAULT:
#  Implicit rule search has not been done.
#  Modification time never checked.
#  File has not been updated.

# Not a target:
GNUmakefile:
#  A default, MAKEFILES, or -include/sinclude makefile.
#  Implicit rule search has been done.
#  File does not exist.
#  File has been updated.
#  Failed to be updated.
# variable set hash-table stats:
# Load=0/32=0%, Rehash=0, Collisions=0/0=0%

# files hash-table stats:
# Load=6/1024=1%, Rehash=0, Collisions=0/17=0%
# VPATH Search Paths

# No `vpath' search paths.

# No general (`VPATH' variable) search path.

# # of strings in strcache: 0
# # of strcache buffers: 0
# strcache size: total = 0 / max = 0 / min = 4096 / avg = 0
# strcache free: total = 0 / max = 0 / min = 4096 / avg = 0

# Finished Make data base on Sat Jan 14 18:03:13 2023

 
make: *** No rule to make target `all'.  Stop.

